<?xml version="1.0" encoding="UTF-8"?>
<!-- Generated by org.testng.reporters.JUnitXMLReporter -->
<testsuite hostname="SHREE-PC" ignored="0" name="ChromeTest" tests="3" failures="0" timestamp="2020-06-04T20:34:56 IST" time="47.043" errors="0">
  <testcase name="viewHomePage" time="7.032" classname="tests.TestOne"/>
  <testcase name="viewAccountPage" time="14.795" classname="tests.TestOne"/>
  <testcase name="displayMessage" time="0.119" classname="tests.TestOne"/>
</testsuite> <!-- ChromeTest -->
