<?xml version="1.0" encoding="UTF-8"?>
<!-- Generated by org.testng.reporters.JUnitXMLReporter -->
<testsuite hostname="SHREE-PC" ignored="0" name="FirefoxTest" tests="3" failures="0" timestamp="2020-06-04T20:35:30 IST" time="33.868" errors="0">
  <testcase name="viewHomePage" time="4.852" classname="tests.TestOne"/>
  <testcase name="viewAccountPage" time="4.939" classname="tests.TestOne"/>
  <testcase name="displayMessage" time="0.391" classname="tests.TestOne"/>
</testsuite> <!-- FirefoxTest -->
