<?xml version="1.0" encoding="UTF-8"?>
<!-- Generated by org.testng.reporters.JUnitXMLReporter -->
<testsuite hostname="SHREE-PC" ignored="0" name="IETest" tests="3" failures="0" timestamp="2020-06-04T19:48:52 IST" time="0.047" errors="0">
  <testcase name="@BeforeTest setUp" time="0.0" classname="tests.TestOne">
    <failure type="java.lang.NullPointerException">
      <![CDATA[java.lang.NullPointerException
at tests.BaseClass.lanuchBrowser(BaseClass.java:18)
at tests.TestOne.setUp(TestOne.java:26)
at java.util.concurrent.FutureTask.run(FutureTask.java:266)
at java.util.concurrent.ThreadPoolExecutor.runWorker(ThreadPoolExecutor.java:1149)
at java.util.concurrent.ThreadPoolExecutor$Worker.run(ThreadPoolExecutor.java:624)
at java.lang.Thread.run(Thread.java:748)
... Removed 15 stack frames]]>
    </failure>
  </testcase> <!-- @BeforeTest setUp -->
  <testcase name="@AfterTest closure" time="-1.591280332274E9" classname="tests.TestOne">
    <skipped/>
  </testcase> <!-- @AfterTest closure -->
  <testcase name="viewHomePage" time="0.0" classname="tests.TestOne">
    <skipped/>
  </testcase> <!-- viewHomePage -->
  <testcase name="viewAccountPage" time="0.0" classname="tests.TestOne">
    <skipped/>
  </testcase> <!-- viewAccountPage -->
  <testcase name="displayMessage" time="0.0" classname="tests.TestOne">
    <skipped/>
  </testcase> <!-- displayMessage -->
</testsuite> <!-- IETest -->
